\BOOKMARK [1][]{Doc-Start}{Abstract}{}% 1
\BOOKMARK [0][]{chapter.0.1}{1\040Introduction}{}% 2
\BOOKMARK [1][]{section.0.1.1}{1.1\040Project\040limitation\040and\040contibution}{chapter.0.1}% 3
\BOOKMARK [1][]{section.0.1.2}{1.2\040Related\040work}{chapter.0.1}% 4
\BOOKMARK [1][]{section.0.1.3}{1.3\040Structure\040of\040this\040thesis}{chapter.0.1}% 5
\BOOKMARK [1][]{section.0.1.4}{1.4\040Notation}{chapter.0.1}% 6
\BOOKMARK [0][]{chapter.0.2}{2\040Bayesian\040Optimization}{}% 7
\BOOKMARK [1][]{section.0.2.1}{2.1\040Optimization\040methodology}{chapter.0.2}% 8
\BOOKMARK [1][]{section.0.2.2}{2.2\040Bayesian\040regression}{chapter.0.2}% 9
\BOOKMARK [1][]{section.0.2.3}{2.3\040Acquisition\040function}{chapter.0.2}% 10
\BOOKMARK [0][]{chapter.0.3}{3\040Discriminative\040surrogate\040models}{}% 11
\BOOKMARK [1][]{section.0.3.1}{3.1\040Gaussian\040process\040surrogate}{chapter.0.3}% 12
\BOOKMARK [1][]{section.0.3.2}{3.2\040Bayesian\040Neural\040Networks}{chapter.0.3}% 13
\BOOKMARK [0][]{chapter.0.4}{4\040Generative\040models\040as\040surrogate}{}% 14
\BOOKMARK [1][]{section.0.4.1}{4.1\040Conditional\040distribution\040in\040a\040Bayesian\040setting}{chapter.0.4}% 15
\BOOKMARK [1][]{section.0.4.2}{4.2\040Conditional\040of\040mixture\040model}{chapter.0.4}% 16
\BOOKMARK [1][]{section.0.4.3}{4.3\040Kernel\040estimator\040regression}{chapter.0.4}% 17
\BOOKMARK [1][]{section.0.4.4}{4.4\040Gaussian\040mixture\040regression}{chapter.0.4}% 18
\BOOKMARK [1][]{section.0.4.5}{4.5\040Sum\040product\040networks}{chapter.0.4}% 19
\BOOKMARK [1][]{section.0.4.6}{4.6\040Mixture\040model\040training}{chapter.0.4}% 20
\BOOKMARK [0][]{chapter.0.5}{5\040Implementation}{}% 21
\BOOKMARK [0][]{chapter.0.6}{6\040Results}{}% 22
\BOOKMARK [1][]{section.0.6.1}{6.1\040Regression\040analysis\040methodology}{chapter.0.6}% 23
\BOOKMARK [1][]{section.0.6.2}{6.2\040Model\040compartment\040on\040test\040problems\040\(regression\)}{chapter.0.6}% 24
\BOOKMARK [1][]{section.0.6.3}{6.3\040Model\040compartment\040on\040test\040problems\040\(Bayesian\040Optimization\)}{chapter.0.6}% 25
\BOOKMARK [1][]{section.0.6.4}{6.4\040Test\040on\040BBOB\040in\040higher\040dimensions}{chapter.0.6}% 26
\BOOKMARK [0][]{chapter.0.7}{7\040Discussion}{}% 27
\BOOKMARK [1][]{section.0.7.1}{7.1\040Mixture\040regression}{chapter.0.7}% 28
\BOOKMARK [1][]{section.0.7.2}{7.2\040Bayesopt\040procedure}{chapter.0.7}% 29
\BOOKMARK [0][]{chapter.0.8}{8\040Conclusion\040and\040further\040work}{}% 30
\BOOKMARK [1][]{section.0.8.1}{8.1\040further\040work}{chapter.0.8}% 31
\BOOKMARK [0][]{chapter*.46}{Bibliography}{}% 32
\BOOKMARK [0][]{appendix.A}{A\040Gaussian\040mixture\040rules}{}% 33
\BOOKMARK [0][]{appendix.B}{B\040Additional\040results}{}% 34
\BOOKMARK [1][]{section.B.1}{B.1\040All\040COCO\040results}{appendix.B}% 35
